{"/Users/joy/workspace/enterprise/ovo/ovo-cli/packages/hooks/src/index.ts": {"path":"/Users/joy/workspace/enterprise/ovo/ovo-cli/packages/hooks/src/index.ts","statementMap":{"0":{"start":{"line":1,"column":0},"end":{"line":1,"column":9}},"1":{"start":{"line":1,"column":9},"end":{"line":1,"column":49}}},"fnMap":{"0":{"name":"(anonymous_0)","decl":{"start":{"line":1,"column":9},"end":{"line":1,"column":23}},"loc":{"start":{"line":1,"column":9},"end":{"line":1,"column":49}}}},"branchMap":{},"s":{"0":1,"1":1},"f":{"0":0},"b":{}}
,"/Users/joy/workspace/enterprise/ovo/ovo-cli/packages/hooks/src/useCallbackRef/index.tsx": {"path":"/Users/joy/workspace/enterprise/ovo/ovo-cli/packages/hooks/src/useCallbackRef/index.tsx","statementMap":{"0":{"start":{"line":1,"column":0},"end":{"line":1,"column":60}},"1":{"start":{"line":6,"column":30},"end":{"line":14,"column":1}},"2":{"start":{"line":7,"column":14},"end":{"line":7,"column":24}},"3":{"start":{"line":9,"column":2},"end":{"line":11,"column":null}},"4":{"start":{"line":10,"column":4},"end":{"line":10,"column":null}},"5":{"start":{"line":13,"column":2},"end":{"line":13,"column":null}},"6":{"start":{"line":13,"column":35},"end":{"line":13,"column":57}},"7":{"start":{"line":6,"column":13},"end":{"line":6,"column":30}}},"fnMap":{"0":{"name":"(anonymous_0)","decl":{"start":{"line":6,"column":30},"end":{"line":6,"column":70}},"loc":{"start":{"line":6,"column":94},"end":{"line":14,"column":1}}},"1":{"name":"(anonymous_1)","decl":{"start":{"line":9,"column":18},"end":{"line":9,"column":21}},"loc":{"start":{"line":9,"column":23},"end":{"line":11,"column":3}}},"2":{"name":"(anonymous_2)","decl":{"start":{"line":13,"column":22},"end":{"line":13,"column":23}},"loc":{"start":{"line":13,"column":35},"end":{"line":13,"column":57}}}},"branchMap":{},"s":{"0":1,"1":1,"2":0,"3":0,"4":0,"5":0,"6":0,"7":1},"f":{"0":0,"1":0,"2":0},"b":{}}
}
